Starting our analysis Wed Apr  5 23:27:12 EDT 2023

Key parameters
TRANSCRIPTOME: data/trinity_de_novo/Trinity.fasta
SWISSPROT_DB: /work/courses/BINF6308/inputFiles/blastDB/swissprot
TRANSDECODER_DIR: results/trinity_de_novo.transdecoder_dir
LONGEST_ORFS: results/trinity_de_novo.transdecoder_dir/longest_orfs.pep
OUTFMT: results/blastPep_args.outfmt6
DOMTBLOUT: results/pfam.domtblout
PFAMA_PATH: /work/courses/BINF6308/inputFiles/SampleDataFiles/Pfam-A.hmm
PREDICTED_PROTEIN_PATH: results/predictedProteins
FINAL_PROTEINS: results/predictedProteins/*transdecoder.pep


Loading our BINF6308 Anaconda environment.
Make directory for data files
Moving de novo Trinity transcriptome data to the working directory
Make directory for log files
Starting ORF prediction pipeline Wed Apr  5 23:43:39 EDT 2023
Identify longORFs with TransDecoder.LongOrfs on data/trinity_de_novo/Trinity.fasta Wed Apr  5 23:43:39 EDT 2023
BLASTp of longest_orfs.pep against SwissProt BLAST DB at /work/courses/BINF6308/inputFiles/blastDB/swissprot Wed Apr  5 23:44:22 EDT 2023
Create pfamScan with hmmscan using the Pfam-A.hmm file found /work/courses/BINF6308/inputFiles/SampleDataFiles/Pfam-A.hmm Thu Apr  6 00:56:14 EDT 2023
Predict protiens with TransDecoder.Predict Thu Apr  6 02:33:04 EDT 2023
Copy TransDecoder.Predict outputs to results/predictedProteins
Align predicted proteins to SwissProt DB Thu Apr  6 02:35:52 EDT 2023
ORF prediction pipeline complete Thu Apr  6 03:40:19 EDT 2023
Moving key files back to /home
Analysis complete Thu Apr  6 03:40:21 EDT 2023
